<?xml version="1.0" encoding="UTF-8"?><testrun name="jdraw.test" project="jdraw-assignment" tests="36" started="36" failures="4" errors="0" ignored="0">
  <testsuite name="jdraw.test.DrawModelTest" incomplete="true">
    <testcase name="testAddFigure2" classname="jdraw.test.DrawModelTest" incomplete="true"/>
    <testcase name="testAddFigure3" classname="jdraw.test.DrawModelTest" incomplete="true"/>
    <testcase name="testAddFigure1" classname="jdraw.test.DrawModelTest" incomplete="true"/>
    <testcase name="testAddFigure4" classname="jdraw.test.DrawModelTest" incomplete="true"/>
    <testcase name="testAddFigure5" classname="jdraw.test.DrawModelTest" incomplete="true"/>
    <testcase name="testAddFigure6" classname="jdraw.test.DrawModelTest" incomplete="true"/>
    <testcase name="testRemoveFigure1" classname="jdraw.test.DrawModelTest" incomplete="true"/>
    <testcase name="testRemoveFigure2" classname="jdraw.test.DrawModelTest" incomplete="true"/>
    <testcase name="testRemoveFigure3" classname="jdraw.test.DrawModelTest" incomplete="true"/>
    <testcase name="testRemoveAllFigures1" classname="jdraw.test.DrawModelTest" incomplete="true"/>
    <testcase name="testRemoveAllFigures2" classname="jdraw.test.DrawModelTest" incomplete="true"/>
    <testcase name="testSetFigureIndex1" classname="jdraw.test.DrawModelTest" incomplete="true"/>
    <testcase name="testSetFigureIndex2" classname="jdraw.test.DrawModelTest" incomplete="true"/>
    <testcase name="testSetFigureIndex3" classname="jdraw.test.DrawModelTest" incomplete="true"/>
  </testsuite>
  <testsuite name="jdraw.test.JDrawTests" incomplete="true">
    <testsuite name="jdraw.test.DrawModelTest" time="0.0">
      <testcase name="testAddFigure2" classname="jdraw.test.DrawModelTest" time="0.0"/>
      <testcase name="testAddFigure3" classname="jdraw.test.DrawModelTest" time="0.0"/>
      <testcase name="testAddFigure1" classname="jdraw.test.DrawModelTest" time="0.001"/>
      <testcase name="testAddFigure4" classname="jdraw.test.DrawModelTest" time="0.0"/>
      <testcase name="testAddFigure5" classname="jdraw.test.DrawModelTest" time="0.001"/>
      <testcase name="testAddFigure6" classname="jdraw.test.DrawModelTest" time="0.001"/>
      <testcase name="testRemoveFigure1" classname="jdraw.test.DrawModelTest" time="0.001"/>
      <testcase name="testRemoveFigure2" classname="jdraw.test.DrawModelTest" time="0.0"/>
      <testcase name="testRemoveFigure3" classname="jdraw.test.DrawModelTest" time="0.001"/>
      <testcase name="testRemoveAllFigures1" classname="jdraw.test.DrawModelTest" time="0.001"/>
      <testcase name="testRemoveAllFigures2" classname="jdraw.test.DrawModelTest" time="0.0"/>
      <testcase name="testSetFigureIndex1" classname="jdraw.test.DrawModelTest" time="0.001">
        <failure>java.lang.AssertionError: f1 should be at position 1 expected:&lt;jdraw.test.DrawModelTest$TestFigure@4769b07b&gt; but was:&lt;jdraw.test.DrawModelTest$TestFigure@cc34f4d&gt;
	at org.junit.Assert.fail(Assert.java:58)
	at org.junit.Assert.failNotEquals(Assert.java:259)
	at org.junit.Assert.assertEquals(Assert.java:80)
	at jdraw.test.DrawModelTest.testSetFigureIndex1(DrawModelTest.java:226)
	at sun.reflect.NativeMethodAccessorImpl.invoke0(Native Method)
	at sun.reflect.NativeMethodAccessorImpl.invoke(NativeMethodAccessorImpl.java:62)
	at sun.reflect.DelegatingMethodAccessorImpl.invoke(DelegatingMethodAccessorImpl.java:43)
	at java.lang.reflect.Method.invoke(Method.java:483)
	at org.junit.internal.runners.TestMethodRunner.executeMethodBody(TestMethodRunner.java:99)
	at org.junit.internal.runners.TestMethodRunner.runUnprotected(TestMethodRunner.java:81)
	at org.junit.internal.runners.BeforeAndAfterRunner.runProtected(BeforeAndAfterRunner.java:34)
	at org.junit.internal.runners.TestMethodRunner.runMethod(TestMethodRunner.java:75)
	at org.junit.internal.runners.TestMethodRunner.run(TestMethodRunner.java:45)
	at org.junit.internal.runners.TestClassMethodsRunner.invokeTestMethod(TestClassMethodsRunner.java:71)
	at org.junit.internal.runners.TestClassMethodsRunner.run(TestClassMethodsRunner.java:35)
	at org.junit.internal.runners.TestClassRunner$1.runUnprotected(TestClassRunner.java:42)
	at org.junit.internal.runners.BeforeAndAfterRunner.runProtected(BeforeAndAfterRunner.java:34)
	at org.junit.internal.runners.TestClassRunner.run(TestClassRunner.java:52)
	at org.eclipse.jdt.internal.junit4.runner.JUnit4TestReference.run(JUnit4TestReference.java:86)
	at org.eclipse.jdt.internal.junit.runner.TestExecution.run(TestExecution.java:38)
	at org.eclipse.jdt.internal.junit.runner.RemoteTestRunner.runTests(RemoteTestRunner.java:459)
	at org.eclipse.jdt.internal.junit.runner.RemoteTestRunner.runTests(RemoteTestRunner.java:675)
	at org.eclipse.jdt.internal.junit.runner.RemoteTestRunner.run(RemoteTestRunner.java:382)
	at org.eclipse.jdt.internal.junit.runner.RemoteTestRunner.main(RemoteTestRunner.java:192)

java.lang.AssertionError: f1 should be at position 1 expected:&lt;jdraw.test.DrawModelTest$TestFigure@7106e68e&gt; but was:&lt;jdraw.test.DrawModelTest$TestFigure@7eda2dbb&gt;
	at org.junit.Assert.fail(Assert.java:58)
	at org.junit.Assert.failNotEquals(Assert.java:259)
	at org.junit.Assert.assertEquals(Assert.java:80)
	at jdraw.test.DrawModelTest.testSetFigureIndex1(DrawModelTest.java:226)
	at sun.reflect.NativeMethodAccessorImpl.invoke0(Native Method)
	at sun.reflect.NativeMethodAccessorImpl.invoke(NativeMethodAccessorImpl.java:62)
	at sun.reflect.DelegatingMethodAccessorImpl.invoke(DelegatingMethodAccessorImpl.java:43)
	at java.lang.reflect.Method.invoke(Method.java:483)
	at org.junit.internal.runners.TestMethodRunner.executeMethodBody(TestMethodRunner.java:99)
	at org.junit.internal.runners.TestMethodRunner.runUnprotected(TestMethodRunner.java:81)
	at org.junit.internal.runners.BeforeAndAfterRunner.runProtected(BeforeAndAfterRunner.java:34)
	at org.junit.internal.runners.TestMethodRunner.runMethod(TestMethodRunner.java:75)
	at org.junit.internal.runners.TestMethodRunner.run(TestMethodRunner.java:45)
	at org.junit.internal.runners.TestClassMethodsRunner.invokeTestMethod(TestClassMethodsRunner.java:71)
	at org.junit.internal.runners.TestClassMethodsRunner.run(TestClassMethodsRunner.java:35)
	at org.junit.internal.runners.TestClassRunner$1.runUnprotected(TestClassRunner.java:42)
	at org.junit.internal.runners.BeforeAndAfterRunner.runProtected(BeforeAndAfterRunner.java:34)
	at org.junit.internal.runners.TestClassRunner.run(TestClassRunner.java:52)
	at org.junit.internal.runners.CompositeRunner.run(CompositeRunner.java:29)
	at org.junit.internal.runners.TestClassRunner$1.runUnprotected(TestClassRunner.java:42)
	at org.junit.internal.runners.BeforeAndAfterRunner.runProtected(BeforeAndAfterRunner.java:34)
	at org.junit.internal.runners.TestClassRunner.run(TestClassRunner.java:52)
	at org.eclipse.jdt.internal.junit4.runner.JUnit4TestReference.run(JUnit4TestReference.java:86)
	at org.eclipse.jdt.internal.junit.runner.TestExecution.run(TestExecution.java:38)
	at org.eclipse.jdt.internal.junit.runner.RemoteTestRunner.runTests(RemoteTestRunner.java:459)
	at org.eclipse.jdt.internal.junit.runner.RemoteTestRunner.runTests(RemoteTestRunner.java:675)
	at org.eclipse.jdt.internal.junit.runner.RemoteTestRunner.run(RemoteTestRunner.java:382)
	at org.eclipse.jdt.internal.junit.runner.RemoteTestRunner.main(RemoteTestRunner.java:192)

</failure>
      </testcase>
      <testcase name="testSetFigureIndex2" classname="jdraw.test.DrawModelTest" time="0.001">
        <failure>java.lang.AssertionError: IllegalArgumentException expected
	at org.junit.Assert.fail(Assert.java:58)
	at jdraw.test.DrawModelTest.testSetFigureIndex2(DrawModelTest.java:238)
	at sun.reflect.NativeMethodAccessorImpl.invoke0(Native Method)
	at sun.reflect.NativeMethodAccessorImpl.invoke(NativeMethodAccessorImpl.java:62)
	at sun.reflect.DelegatingMethodAccessorImpl.invoke(DelegatingMethodAccessorImpl.java:43)
	at java.lang.reflect.Method.invoke(Method.java:483)
	at org.junit.internal.runners.TestMethodRunner.executeMethodBody(TestMethodRunner.java:99)
	at org.junit.internal.runners.TestMethodRunner.runUnprotected(TestMethodRunner.java:81)
	at org.junit.internal.runners.BeforeAndAfterRunner.runProtected(BeforeAndAfterRunner.java:34)
	at org.junit.internal.runners.TestMethodRunner.runMethod(TestMethodRunner.java:75)
	at org.junit.internal.runners.TestMethodRunner.run(TestMethodRunner.java:45)
	at org.junit.internal.runners.TestClassMethodsRunner.invokeTestMethod(TestClassMethodsRunner.java:71)
	at org.junit.internal.runners.TestClassMethodsRunner.run(TestClassMethodsRunner.java:35)
	at org.junit.internal.runners.TestClassRunner$1.runUnprotected(TestClassRunner.java:42)
	at org.junit.internal.runners.BeforeAndAfterRunner.runProtected(BeforeAndAfterRunner.java:34)
	at org.junit.internal.runners.TestClassRunner.run(TestClassRunner.java:52)
	at org.eclipse.jdt.internal.junit4.runner.JUnit4TestReference.run(JUnit4TestReference.java:86)
	at org.eclipse.jdt.internal.junit.runner.TestExecution.run(TestExecution.java:38)
	at org.eclipse.jdt.internal.junit.runner.RemoteTestRunner.runTests(RemoteTestRunner.java:459)
	at org.eclipse.jdt.internal.junit.runner.RemoteTestRunner.runTests(RemoteTestRunner.java:675)
	at org.eclipse.jdt.internal.junit.runner.RemoteTestRunner.run(RemoteTestRunner.java:382)
	at org.eclipse.jdt.internal.junit.runner.RemoteTestRunner.main(RemoteTestRunner.java:192)

java.lang.AssertionError: IllegalArgumentException expected
	at org.junit.Assert.fail(Assert.java:58)
	at jdraw.test.DrawModelTest.testSetFigureIndex2(DrawModelTest.java:238)
	at sun.reflect.NativeMethodAccessorImpl.invoke0(Native Method)
	at sun.reflect.NativeMethodAccessorImpl.invoke(NativeMethodAccessorImpl.java:62)
	at sun.reflect.DelegatingMethodAccessorImpl.invoke(DelegatingMethodAccessorImpl.java:43)
	at java.lang.reflect.Method.invoke(Method.java:483)
	at org.junit.internal.runners.TestMethodRunner.executeMethodBody(TestMethodRunner.java:99)
	at org.junit.internal.runners.TestMethodRunner.runUnprotected(TestMethodRunner.java:81)
	at org.junit.internal.runners.BeforeAndAfterRunner.runProtected(BeforeAndAfterRunner.java:34)
	at org.junit.internal.runners.TestMethodRunner.runMethod(TestMethodRunner.java:75)
	at org.junit.internal.runners.TestMethodRunner.run(TestMethodRunner.java:45)
	at org.junit.internal.runners.TestClassMethodsRunner.invokeTestMethod(TestClassMethodsRunner.java:71)
	at org.junit.internal.runners.TestClassMethodsRunner.run(TestClassMethodsRunner.java:35)
	at org.junit.internal.runners.TestClassRunner$1.runUnprotected(TestClassRunner.java:42)
	at org.junit.internal.runners.BeforeAndAfterRunner.runProtected(BeforeAndAfterRunner.java:34)
	at org.junit.internal.runners.TestClassRunner.run(TestClassRunner.java:52)
	at org.junit.internal.runners.CompositeRunner.run(CompositeRunner.java:29)
	at org.junit.internal.runners.TestClassRunner$1.runUnprotected(TestClassRunner.java:42)
	at org.junit.internal.runners.BeforeAndAfterRunner.runProtected(BeforeAndAfterRunner.java:34)
	at org.junit.internal.runners.TestClassRunner.run(TestClassRunner.java:52)
	at org.eclipse.jdt.internal.junit4.runner.JUnit4TestReference.run(JUnit4TestReference.java:86)
	at org.eclipse.jdt.internal.junit.runner.TestExecution.run(TestExecution.java:38)
	at org.eclipse.jdt.internal.junit.runner.RemoteTestRunner.runTests(RemoteTestRunner.java:459)
	at org.eclipse.jdt.internal.junit.runner.RemoteTestRunner.runTests(RemoteTestRunner.java:675)
	at org.eclipse.jdt.internal.junit.runner.RemoteTestRunner.run(RemoteTestRunner.java:382)
	at org.eclipse.jdt.internal.junit.runner.RemoteTestRunner.main(RemoteTestRunner.java:192)

</failure>
      </testcase>
      <testcase name="testSetFigureIndex3" classname="jdraw.test.DrawModelTest" time="0.002"/>
    </testsuite>
    <testsuite name="jdraw.test.RectangleTest" incomplete="true">
      <testcase name="testNotification1" classname="jdraw.test.RectangleTest" incomplete="true"/>
      <testcase name="testNotification2" classname="jdraw.test.RectangleTest" incomplete="true"/>
      <testcase name="testMultiListeners" classname="jdraw.test.RectangleTest" incomplete="true"/>
      <testcase name="testRemoveListener" classname="jdraw.test.RectangleTest" incomplete="true"/>
    </testsuite>
  </testsuite>
  <testsuite name="jdraw.test.RectangleTest" time="0.171">
    <testcase name="testNotification1" classname="jdraw.test.RectangleTest" time="0.0"/>
    <testcase name="testNotification2" classname="jdraw.test.RectangleTest" time="0.001"/>
    <testcase name="testMultiListeners" classname="jdraw.test.RectangleTest" time="0.001"/>
    <testcase name="testRemoveListener" classname="jdraw.test.RectangleTest" time="0.0"/>
  </testsuite>
</testrun>
